Determining if the pthread_create exist failed with the following output:
Change Dir: /home/enes/Desktop/opencvCUDA/ex19/build/CMakeFiles/CMakeTmp

Run Build Command:"/usr/bin/make" "cmTC_5921c/fast"
/usr/bin/make -f CMakeFiles/cmTC_5921c.dir/build.make CMakeFiles/cmTC_5921c.dir/build
make[1]: Entering directory '/home/enes/Desktop/opencvCUDA/ex19/build/CMakeFiles/CMakeTmp'
Building C object CMakeFiles/cmTC_5921c.dir/CheckSymbolExists.c.o
/usr/bin/cc   -fPIC    -o CMakeFiles/cmTC_5921c.dir/CheckSymbolExists.c.o   -c /home/enes/Desktop/opencvCUDA/ex19/build/CMakeFiles/CMakeTmp/CheckSymbolExists.c
Linking C executable cmTC_5921c
/usr/bin/cmake -E cmake_link_script CMakeFiles/cmTC_5921c.dir/link.txt --verbose=1
/usr/bin/cc -fPIC     -rdynamic CMakeFiles/cmTC_5921c.dir/CheckSymbolExists.c.o  -o cmTC_5921c 
CMakeFiles/cmTC_5921c.dir/CheckSymbolExists.c.o: In function `main':
CheckSymbolExists.c:(.text+0x1b): undefined reference to `pthread_create'
collect2: error: ld returned 1 exit status
CMakeFiles/cmTC_5921c.dir/build.make:97: recipe for target 'cmTC_5921c' failed
make[1]: *** [cmTC_5921c] Error 1
make[1]: Leaving directory '/home/enes/Desktop/opencvCUDA/ex19/build/CMakeFiles/CMakeTmp'
Makefile:126: recipe for target 'cmTC_5921c/fast' failed
make: *** [cmTC_5921c/fast] Error 2

File /home/enes/Desktop/opencvCUDA/ex19/build/CMakeFiles/CMakeTmp/CheckSymbolExists.c:
/* */
#include <pthread.h>

int main(int argc, char** argv)
{
  (void)argv;
#ifndef pthread_create
  return ((int*)(&pthread_create))[argc];
#else
  (void)argc;
  return 0;
#endif
}

Determining if the function pthread_create exists in the pthreads failed with the following output:
Change Dir: /home/enes/Desktop/opencvCUDA/ex19/build/CMakeFiles/CMakeTmp

Run Build Command:"/usr/bin/make" "cmTC_c1f63/fast"
/usr/bin/make -f CMakeFiles/cmTC_c1f63.dir/build.make CMakeFiles/cmTC_c1f63.dir/build
make[1]: Entering directory '/home/enes/Desktop/opencvCUDA/ex19/build/CMakeFiles/CMakeTmp'
Building C object CMakeFiles/cmTC_c1f63.dir/CheckFunctionExists.c.o
/usr/bin/cc   -fPIC -DCHECK_FUNCTION_EXISTS=pthread_create   -o CMakeFiles/cmTC_c1f63.dir/CheckFunctionExists.c.o   -c /usr/share/cmake-3.10/Modules/CheckFunctionExists.c
Linking C executable cmTC_c1f63
/usr/bin/cmake -E cmake_link_script CMakeFiles/cmTC_c1f63.dir/link.txt --verbose=1
/usr/bin/cc -fPIC -DCHECK_FUNCTION_EXISTS=pthread_create    -rdynamic CMakeFiles/cmTC_c1f63.dir/CheckFunctionExists.c.o  -o cmTC_c1f63 -lpthreads 
/usr/bin/ld: cannot find -lpthreads
collect2: error: ld returned 1 exit status
CMakeFiles/cmTC_c1f63.dir/build.make:97: recipe for target 'cmTC_c1f63' failed
make[1]: *** [cmTC_c1f63] Error 1
make[1]: Leaving directory '/home/enes/Desktop/opencvCUDA/ex19/build/CMakeFiles/CMakeTmp'
Makefile:126: recipe for target 'cmTC_c1f63/fast' failed
make: *** [cmTC_c1f63/fast] Error 2


