Determining if the pthread_create exist failed with the following output:
Change Dir: /home/enes/Desktop/opencvCUDA/ex20/build/CMakeFiles/CMakeTmp

Run Build Command:"/usr/bin/make" "cmTC_12bde/fast"
/usr/bin/make -f CMakeFiles/cmTC_12bde.dir/build.make CMakeFiles/cmTC_12bde.dir/build
make[1]: Entering directory '/home/enes/Desktop/opencvCUDA/ex20/build/CMakeFiles/CMakeTmp'
Building C object CMakeFiles/cmTC_12bde.dir/CheckSymbolExists.c.o
/usr/bin/cc   -fPIC    -o CMakeFiles/cmTC_12bde.dir/CheckSymbolExists.c.o   -c /home/enes/Desktop/opencvCUDA/ex20/build/CMakeFiles/CMakeTmp/CheckSymbolExists.c
Linking C executable cmTC_12bde
/usr/bin/cmake -E cmake_link_script CMakeFiles/cmTC_12bde.dir/link.txt --verbose=1
/usr/bin/cc -fPIC     -rdynamic CMakeFiles/cmTC_12bde.dir/CheckSymbolExists.c.o  -o cmTC_12bde 
CMakeFiles/cmTC_12bde.dir/CheckSymbolExists.c.o: In function `main':
CheckSymbolExists.c:(.text+0x1b): undefined reference to `pthread_create'
collect2: error: ld returned 1 exit status
CMakeFiles/cmTC_12bde.dir/build.make:97: recipe for target 'cmTC_12bde' failed
make[1]: *** [cmTC_12bde] Error 1
make[1]: Leaving directory '/home/enes/Desktop/opencvCUDA/ex20/build/CMakeFiles/CMakeTmp'
Makefile:126: recipe for target 'cmTC_12bde/fast' failed
make: *** [cmTC_12bde/fast] Error 2

File /home/enes/Desktop/opencvCUDA/ex20/build/CMakeFiles/CMakeTmp/CheckSymbolExists.c:
/* */
#include <pthread.h>

int main(int argc, char** argv)
{
  (void)argv;
#ifndef pthread_create
  return ((int*)(&pthread_create))[argc];
#else
  (void)argc;
  return 0;
#endif
}

Determining if the function pthread_create exists in the pthreads failed with the following output:
Change Dir: /home/enes/Desktop/opencvCUDA/ex20/build/CMakeFiles/CMakeTmp

Run Build Command:"/usr/bin/make" "cmTC_b943f/fast"
/usr/bin/make -f CMakeFiles/cmTC_b943f.dir/build.make CMakeFiles/cmTC_b943f.dir/build
make[1]: Entering directory '/home/enes/Desktop/opencvCUDA/ex20/build/CMakeFiles/CMakeTmp'
Building C object CMakeFiles/cmTC_b943f.dir/CheckFunctionExists.c.o
/usr/bin/cc   -fPIC -DCHECK_FUNCTION_EXISTS=pthread_create   -o CMakeFiles/cmTC_b943f.dir/CheckFunctionExists.c.o   -c /usr/share/cmake-3.10/Modules/CheckFunctionExists.c
Linking C executable cmTC_b943f
/usr/bin/cmake -E cmake_link_script CMakeFiles/cmTC_b943f.dir/link.txt --verbose=1
/usr/bin/cc -fPIC -DCHECK_FUNCTION_EXISTS=pthread_create    -rdynamic CMakeFiles/cmTC_b943f.dir/CheckFunctionExists.c.o  -o cmTC_b943f -lpthreads 
/usr/bin/ld: cannot find -lpthreads
collect2: error: ld returned 1 exit status
CMakeFiles/cmTC_b943f.dir/build.make:97: recipe for target 'cmTC_b943f' failed
make[1]: *** [cmTC_b943f] Error 1
make[1]: Leaving directory '/home/enes/Desktop/opencvCUDA/ex20/build/CMakeFiles/CMakeTmp'
Makefile:126: recipe for target 'cmTC_b943f/fast' failed
make: *** [cmTC_b943f/fast] Error 2


