Determining if the pthread_create exist failed with the following output:
Change Dir: /home/enes/Desktop/OpenCV_Lessons/Threshold/build/CMakeFiles/CMakeTmp

Run Build Command:"/usr/bin/make" "cmTC_89fba/fast"
/usr/bin/make -f CMakeFiles/cmTC_89fba.dir/build.make CMakeFiles/cmTC_89fba.dir/build
make[1]: Entering directory '/home/enes/Desktop/OpenCV_Lessons/Threshold/build/CMakeFiles/CMakeTmp'
Building C object CMakeFiles/cmTC_89fba.dir/CheckSymbolExists.c.o
/usr/bin/cc   -fPIC    -o CMakeFiles/cmTC_89fba.dir/CheckSymbolExists.c.o   -c /home/enes/Desktop/OpenCV_Lessons/Threshold/build/CMakeFiles/CMakeTmp/CheckSymbolExists.c
Linking C executable cmTC_89fba
/usr/bin/cmake -E cmake_link_script CMakeFiles/cmTC_89fba.dir/link.txt --verbose=1
/usr/bin/cc -fPIC     -rdynamic CMakeFiles/cmTC_89fba.dir/CheckSymbolExists.c.o  -o cmTC_89fba 
CMakeFiles/cmTC_89fba.dir/CheckSymbolExists.c.o: In function `main':
CheckSymbolExists.c:(.text+0x1b): undefined reference to `pthread_create'
collect2: error: ld returned 1 exit status
CMakeFiles/cmTC_89fba.dir/build.make:97: recipe for target 'cmTC_89fba' failed
make[1]: *** [cmTC_89fba] Error 1
make[1]: Leaving directory '/home/enes/Desktop/OpenCV_Lessons/Threshold/build/CMakeFiles/CMakeTmp'
Makefile:126: recipe for target 'cmTC_89fba/fast' failed
make: *** [cmTC_89fba/fast] Error 2

File /home/enes/Desktop/OpenCV_Lessons/Threshold/build/CMakeFiles/CMakeTmp/CheckSymbolExists.c:
/* */
#include <pthread.h>

int main(int argc, char** argv)
{
  (void)argv;
#ifndef pthread_create
  return ((int*)(&pthread_create))[argc];
#else
  (void)argc;
  return 0;
#endif
}

Determining if the function pthread_create exists in the pthreads failed with the following output:
Change Dir: /home/enes/Desktop/OpenCV_Lessons/Threshold/build/CMakeFiles/CMakeTmp

Run Build Command:"/usr/bin/make" "cmTC_ffa73/fast"
/usr/bin/make -f CMakeFiles/cmTC_ffa73.dir/build.make CMakeFiles/cmTC_ffa73.dir/build
make[1]: Entering directory '/home/enes/Desktop/OpenCV_Lessons/Threshold/build/CMakeFiles/CMakeTmp'
Building C object CMakeFiles/cmTC_ffa73.dir/CheckFunctionExists.c.o
/usr/bin/cc   -fPIC -DCHECK_FUNCTION_EXISTS=pthread_create   -o CMakeFiles/cmTC_ffa73.dir/CheckFunctionExists.c.o   -c /usr/share/cmake-3.10/Modules/CheckFunctionExists.c
Linking C executable cmTC_ffa73
/usr/bin/cmake -E cmake_link_script CMakeFiles/cmTC_ffa73.dir/link.txt --verbose=1
/usr/bin/cc -fPIC -DCHECK_FUNCTION_EXISTS=pthread_create    -rdynamic CMakeFiles/cmTC_ffa73.dir/CheckFunctionExists.c.o  -o cmTC_ffa73 -lpthreads 
/usr/bin/ld: cannot find -lpthreads
collect2: error: ld returned 1 exit status
CMakeFiles/cmTC_ffa73.dir/build.make:97: recipe for target 'cmTC_ffa73' failed
make[1]: *** [cmTC_ffa73] Error 1
make[1]: Leaving directory '/home/enes/Desktop/OpenCV_Lessons/Threshold/build/CMakeFiles/CMakeTmp'
Makefile:126: recipe for target 'cmTC_ffa73/fast' failed
make: *** [cmTC_ffa73/fast] Error 2


