Determining if the pthread_create exist failed with the following output:
Change Dir: /home/enes/Desktop/opencvCUDA/ex12/build/CMakeFiles/CMakeTmp

Run Build Command:"/usr/bin/make" "cmTC_6d21b/fast"
/usr/bin/make -f CMakeFiles/cmTC_6d21b.dir/build.make CMakeFiles/cmTC_6d21b.dir/build
make[1]: Entering directory '/home/enes/Desktop/opencvCUDA/ex12/build/CMakeFiles/CMakeTmp'
Building C object CMakeFiles/cmTC_6d21b.dir/CheckSymbolExists.c.o
/usr/bin/cc   -fPIC    -o CMakeFiles/cmTC_6d21b.dir/CheckSymbolExists.c.o   -c /home/enes/Desktop/opencvCUDA/ex12/build/CMakeFiles/CMakeTmp/CheckSymbolExists.c
Linking C executable cmTC_6d21b
/usr/bin/cmake -E cmake_link_script CMakeFiles/cmTC_6d21b.dir/link.txt --verbose=1
/usr/bin/cc -fPIC     -rdynamic CMakeFiles/cmTC_6d21b.dir/CheckSymbolExists.c.o  -o cmTC_6d21b 
CMakeFiles/cmTC_6d21b.dir/CheckSymbolExists.c.o: In function `main':
CheckSymbolExists.c:(.text+0x1b): undefined reference to `pthread_create'
collect2: error: ld returned 1 exit status
CMakeFiles/cmTC_6d21b.dir/build.make:97: recipe for target 'cmTC_6d21b' failed
make[1]: *** [cmTC_6d21b] Error 1
make[1]: Leaving directory '/home/enes/Desktop/opencvCUDA/ex12/build/CMakeFiles/CMakeTmp'
Makefile:126: recipe for target 'cmTC_6d21b/fast' failed
make: *** [cmTC_6d21b/fast] Error 2

File /home/enes/Desktop/opencvCUDA/ex12/build/CMakeFiles/CMakeTmp/CheckSymbolExists.c:
/* */
#include <pthread.h>

int main(int argc, char** argv)
{
  (void)argv;
#ifndef pthread_create
  return ((int*)(&pthread_create))[argc];
#else
  (void)argc;
  return 0;
#endif
}

Determining if the function pthread_create exists in the pthreads failed with the following output:
Change Dir: /home/enes/Desktop/opencvCUDA/ex12/build/CMakeFiles/CMakeTmp

Run Build Command:"/usr/bin/make" "cmTC_6575c/fast"
/usr/bin/make -f CMakeFiles/cmTC_6575c.dir/build.make CMakeFiles/cmTC_6575c.dir/build
make[1]: Entering directory '/home/enes/Desktop/opencvCUDA/ex12/build/CMakeFiles/CMakeTmp'
Building C object CMakeFiles/cmTC_6575c.dir/CheckFunctionExists.c.o
/usr/bin/cc   -fPIC -DCHECK_FUNCTION_EXISTS=pthread_create   -o CMakeFiles/cmTC_6575c.dir/CheckFunctionExists.c.o   -c /usr/share/cmake-3.10/Modules/CheckFunctionExists.c
Linking C executable cmTC_6575c
/usr/bin/cmake -E cmake_link_script CMakeFiles/cmTC_6575c.dir/link.txt --verbose=1
/usr/bin/cc -fPIC -DCHECK_FUNCTION_EXISTS=pthread_create    -rdynamic CMakeFiles/cmTC_6575c.dir/CheckFunctionExists.c.o  -o cmTC_6575c -lpthreads 
/usr/bin/ld: cannot find -lpthreads
collect2: error: ld returned 1 exit status
CMakeFiles/cmTC_6575c.dir/build.make:97: recipe for target 'cmTC_6575c' failed
make[1]: *** [cmTC_6575c] Error 1
make[1]: Leaving directory '/home/enes/Desktop/opencvCUDA/ex12/build/CMakeFiles/CMakeTmp'
Makefile:126: recipe for target 'cmTC_6575c/fast' failed
make: *** [cmTC_6575c/fast] Error 2


