Determining if the pthread_create exist failed with the following output:
Change Dir: /home/enes/Desktop/OpencvFundemantals/LoadDisplaySaving/build/CMakeFiles/CMakeTmp

Run Build Command:"/usr/bin/make" "cmTC_82ed8/fast"
/usr/bin/make -f CMakeFiles/cmTC_82ed8.dir/build.make CMakeFiles/cmTC_82ed8.dir/build
make[1]: Entering directory '/home/enes/Desktop/OpencvFundemantals/LoadDisplaySaving/build/CMakeFiles/CMakeTmp'
Building C object CMakeFiles/cmTC_82ed8.dir/CheckSymbolExists.c.o
/usr/bin/cc   -fPIC    -o CMakeFiles/cmTC_82ed8.dir/CheckSymbolExists.c.o   -c /home/enes/Desktop/OpencvFundemantals/LoadDisplaySaving/build/CMakeFiles/CMakeTmp/CheckSymbolExists.c
Linking C executable cmTC_82ed8
/usr/bin/cmake -E cmake_link_script CMakeFiles/cmTC_82ed8.dir/link.txt --verbose=1
/usr/bin/cc -fPIC     -rdynamic CMakeFiles/cmTC_82ed8.dir/CheckSymbolExists.c.o  -o cmTC_82ed8 
CMakeFiles/cmTC_82ed8.dir/CheckSymbolExists.c.o: In function `main':
CheckSymbolExists.c:(.text+0x1b): undefined reference to `pthread_create'
collect2: error: ld returned 1 exit status
CMakeFiles/cmTC_82ed8.dir/build.make:97: recipe for target 'cmTC_82ed8' failed
make[1]: *** [cmTC_82ed8] Error 1
make[1]: Leaving directory '/home/enes/Desktop/OpencvFundemantals/LoadDisplaySaving/build/CMakeFiles/CMakeTmp'
Makefile:126: recipe for target 'cmTC_82ed8/fast' failed
make: *** [cmTC_82ed8/fast] Error 2

File /home/enes/Desktop/OpencvFundemantals/LoadDisplaySaving/build/CMakeFiles/CMakeTmp/CheckSymbolExists.c:
/* */
#include <pthread.h>

int main(int argc, char** argv)
{
  (void)argv;
#ifndef pthread_create
  return ((int*)(&pthread_create))[argc];
#else
  (void)argc;
  return 0;
#endif
}

Determining if the function pthread_create exists in the pthreads failed with the following output:
Change Dir: /home/enes/Desktop/OpencvFundemantals/LoadDisplaySaving/build/CMakeFiles/CMakeTmp

Run Build Command:"/usr/bin/make" "cmTC_d2052/fast"
/usr/bin/make -f CMakeFiles/cmTC_d2052.dir/build.make CMakeFiles/cmTC_d2052.dir/build
make[1]: Entering directory '/home/enes/Desktop/OpencvFundemantals/LoadDisplaySaving/build/CMakeFiles/CMakeTmp'
Building C object CMakeFiles/cmTC_d2052.dir/CheckFunctionExists.c.o
/usr/bin/cc   -fPIC -DCHECK_FUNCTION_EXISTS=pthread_create   -o CMakeFiles/cmTC_d2052.dir/CheckFunctionExists.c.o   -c /usr/share/cmake-3.10/Modules/CheckFunctionExists.c
Linking C executable cmTC_d2052
/usr/bin/cmake -E cmake_link_script CMakeFiles/cmTC_d2052.dir/link.txt --verbose=1
/usr/bin/cc -fPIC -DCHECK_FUNCTION_EXISTS=pthread_create    -rdynamic CMakeFiles/cmTC_d2052.dir/CheckFunctionExists.c.o  -o cmTC_d2052 -lpthreads 
/usr/bin/ld: cannot find -lpthreads
collect2: error: ld returned 1 exit status
CMakeFiles/cmTC_d2052.dir/build.make:97: recipe for target 'cmTC_d2052' failed
make[1]: *** [cmTC_d2052] Error 1
make[1]: Leaving directory '/home/enes/Desktop/OpencvFundemantals/LoadDisplaySaving/build/CMakeFiles/CMakeTmp'
Makefile:126: recipe for target 'cmTC_d2052/fast' failed
make: *** [cmTC_d2052/fast] Error 2


