Determining if the pthread_create exist failed with the following output:
Change Dir: /home/enes/Desktop/opencvCUDA/ex11/build/CMakeFiles/CMakeTmp

Run Build Command:"/usr/bin/make" "cmTC_cfe4b/fast"
/usr/bin/make -f CMakeFiles/cmTC_cfe4b.dir/build.make CMakeFiles/cmTC_cfe4b.dir/build
make[1]: Entering directory '/home/enes/Desktop/opencvCUDA/ex11/build/CMakeFiles/CMakeTmp'
Building C object CMakeFiles/cmTC_cfe4b.dir/CheckSymbolExists.c.o
/usr/bin/cc   -fPIC    -o CMakeFiles/cmTC_cfe4b.dir/CheckSymbolExists.c.o   -c /home/enes/Desktop/opencvCUDA/ex11/build/CMakeFiles/CMakeTmp/CheckSymbolExists.c
Linking C executable cmTC_cfe4b
/usr/bin/cmake -E cmake_link_script CMakeFiles/cmTC_cfe4b.dir/link.txt --verbose=1
/usr/bin/cc -fPIC     -rdynamic CMakeFiles/cmTC_cfe4b.dir/CheckSymbolExists.c.o  -o cmTC_cfe4b 
CMakeFiles/cmTC_cfe4b.dir/CheckSymbolExists.c.o: In function `main':
CheckSymbolExists.c:(.text+0x1b): undefined reference to `pthread_create'
collect2: error: ld returned 1 exit status
CMakeFiles/cmTC_cfe4b.dir/build.make:97: recipe for target 'cmTC_cfe4b' failed
make[1]: *** [cmTC_cfe4b] Error 1
make[1]: Leaving directory '/home/enes/Desktop/opencvCUDA/ex11/build/CMakeFiles/CMakeTmp'
Makefile:126: recipe for target 'cmTC_cfe4b/fast' failed
make: *** [cmTC_cfe4b/fast] Error 2

File /home/enes/Desktop/opencvCUDA/ex11/build/CMakeFiles/CMakeTmp/CheckSymbolExists.c:
/* */
#include <pthread.h>

int main(int argc, char** argv)
{
  (void)argv;
#ifndef pthread_create
  return ((int*)(&pthread_create))[argc];
#else
  (void)argc;
  return 0;
#endif
}

Determining if the function pthread_create exists in the pthreads failed with the following output:
Change Dir: /home/enes/Desktop/opencvCUDA/ex11/build/CMakeFiles/CMakeTmp

Run Build Command:"/usr/bin/make" "cmTC_763b1/fast"
/usr/bin/make -f CMakeFiles/cmTC_763b1.dir/build.make CMakeFiles/cmTC_763b1.dir/build
make[1]: Entering directory '/home/enes/Desktop/opencvCUDA/ex11/build/CMakeFiles/CMakeTmp'
Building C object CMakeFiles/cmTC_763b1.dir/CheckFunctionExists.c.o
/usr/bin/cc   -fPIC -DCHECK_FUNCTION_EXISTS=pthread_create   -o CMakeFiles/cmTC_763b1.dir/CheckFunctionExists.c.o   -c /usr/share/cmake-3.10/Modules/CheckFunctionExists.c
Linking C executable cmTC_763b1
/usr/bin/cmake -E cmake_link_script CMakeFiles/cmTC_763b1.dir/link.txt --verbose=1
/usr/bin/cc -fPIC -DCHECK_FUNCTION_EXISTS=pthread_create    -rdynamic CMakeFiles/cmTC_763b1.dir/CheckFunctionExists.c.o  -o cmTC_763b1 -lpthreads 
/usr/bin/ld: cannot find -lpthreads
collect2: error: ld returned 1 exit status
CMakeFiles/cmTC_763b1.dir/build.make:97: recipe for target 'cmTC_763b1' failed
make[1]: *** [cmTC_763b1] Error 1
make[1]: Leaving directory '/home/enes/Desktop/opencvCUDA/ex11/build/CMakeFiles/CMakeTmp'
Makefile:126: recipe for target 'cmTC_763b1/fast' failed
make: *** [cmTC_763b1/fast] Error 2


