Determining if the pthread_create exist failed with the following output:
Change Dir: /home/enes/Desktop/OpenCV_Lessons/display_picture/build/CMakeFiles/CMakeTmp

Run Build Command:"/usr/bin/make" "cmTC_e8f0c/fast"
/usr/bin/make -f CMakeFiles/cmTC_e8f0c.dir/build.make CMakeFiles/cmTC_e8f0c.dir/build
make[1]: Entering directory '/home/enes/Desktop/OpenCV_Lessons/display_picture/build/CMakeFiles/CMakeTmp'
Building C object CMakeFiles/cmTC_e8f0c.dir/CheckSymbolExists.c.o
/usr/bin/cc   -fPIC    -o CMakeFiles/cmTC_e8f0c.dir/CheckSymbolExists.c.o   -c /home/enes/Desktop/OpenCV_Lessons/display_picture/build/CMakeFiles/CMakeTmp/CheckSymbolExists.c
Linking C executable cmTC_e8f0c
/usr/bin/cmake -E cmake_link_script CMakeFiles/cmTC_e8f0c.dir/link.txt --verbose=1
/usr/bin/cc -fPIC     -rdynamic CMakeFiles/cmTC_e8f0c.dir/CheckSymbolExists.c.o  -o cmTC_e8f0c 
CMakeFiles/cmTC_e8f0c.dir/CheckSymbolExists.c.o: In function `main':
CheckSymbolExists.c:(.text+0x1b): undefined reference to `pthread_create'
collect2: error: ld returned 1 exit status
CMakeFiles/cmTC_e8f0c.dir/build.make:97: recipe for target 'cmTC_e8f0c' failed
make[1]: *** [cmTC_e8f0c] Error 1
make[1]: Leaving directory '/home/enes/Desktop/OpenCV_Lessons/display_picture/build/CMakeFiles/CMakeTmp'
Makefile:126: recipe for target 'cmTC_e8f0c/fast' failed
make: *** [cmTC_e8f0c/fast] Error 2

File /home/enes/Desktop/OpenCV_Lessons/display_picture/build/CMakeFiles/CMakeTmp/CheckSymbolExists.c:
/* */
#include <pthread.h>

int main(int argc, char** argv)
{
  (void)argv;
#ifndef pthread_create
  return ((int*)(&pthread_create))[argc];
#else
  (void)argc;
  return 0;
#endif
}

Determining if the function pthread_create exists in the pthreads failed with the following output:
Change Dir: /home/enes/Desktop/OpenCV_Lessons/display_picture/build/CMakeFiles/CMakeTmp

Run Build Command:"/usr/bin/make" "cmTC_58a7c/fast"
/usr/bin/make -f CMakeFiles/cmTC_58a7c.dir/build.make CMakeFiles/cmTC_58a7c.dir/build
make[1]: Entering directory '/home/enes/Desktop/OpenCV_Lessons/display_picture/build/CMakeFiles/CMakeTmp'
Building C object CMakeFiles/cmTC_58a7c.dir/CheckFunctionExists.c.o
/usr/bin/cc   -fPIC -DCHECK_FUNCTION_EXISTS=pthread_create   -o CMakeFiles/cmTC_58a7c.dir/CheckFunctionExists.c.o   -c /usr/share/cmake-3.10/Modules/CheckFunctionExists.c
Linking C executable cmTC_58a7c
/usr/bin/cmake -E cmake_link_script CMakeFiles/cmTC_58a7c.dir/link.txt --verbose=1
/usr/bin/cc -fPIC -DCHECK_FUNCTION_EXISTS=pthread_create    -rdynamic CMakeFiles/cmTC_58a7c.dir/CheckFunctionExists.c.o  -o cmTC_58a7c -lpthreads 
/usr/bin/ld: cannot find -lpthreads
collect2: error: ld returned 1 exit status
CMakeFiles/cmTC_58a7c.dir/build.make:97: recipe for target 'cmTC_58a7c' failed
make[1]: *** [cmTC_58a7c] Error 1
make[1]: Leaving directory '/home/enes/Desktop/OpenCV_Lessons/display_picture/build/CMakeFiles/CMakeTmp'
Makefile:126: recipe for target 'cmTC_58a7c/fast' failed
make: *** [cmTC_58a7c/fast] Error 2


