Determining if the pthread_create exist failed with the following output:
Change Dir: /home/enes/Desktop/ex5/build/CMakeFiles/CMakeTmp

Run Build Command:"/usr/bin/make" "cmTC_831e4/fast"
/usr/bin/make -f CMakeFiles/cmTC_831e4.dir/build.make CMakeFiles/cmTC_831e4.dir/build
make[1]: Entering directory '/home/enes/Desktop/ex5/build/CMakeFiles/CMakeTmp'
Building C object CMakeFiles/cmTC_831e4.dir/CheckSymbolExists.c.o
/usr/bin/cc   -fPIC    -o CMakeFiles/cmTC_831e4.dir/CheckSymbolExists.c.o   -c /home/enes/Desktop/ex5/build/CMakeFiles/CMakeTmp/CheckSymbolExists.c
Linking C executable cmTC_831e4
/usr/bin/cmake -E cmake_link_script CMakeFiles/cmTC_831e4.dir/link.txt --verbose=1
/usr/bin/cc -fPIC     -rdynamic CMakeFiles/cmTC_831e4.dir/CheckSymbolExists.c.o  -o cmTC_831e4 
CMakeFiles/cmTC_831e4.dir/CheckSymbolExists.c.o: In function `main':
CheckSymbolExists.c:(.text+0x1b): undefined reference to `pthread_create'
collect2: error: ld returned 1 exit status
CMakeFiles/cmTC_831e4.dir/build.make:97: recipe for target 'cmTC_831e4' failed
make[1]: *** [cmTC_831e4] Error 1
make[1]: Leaving directory '/home/enes/Desktop/ex5/build/CMakeFiles/CMakeTmp'
Makefile:126: recipe for target 'cmTC_831e4/fast' failed
make: *** [cmTC_831e4/fast] Error 2

File /home/enes/Desktop/ex5/build/CMakeFiles/CMakeTmp/CheckSymbolExists.c:
/* */
#include <pthread.h>

int main(int argc, char** argv)
{
  (void)argv;
#ifndef pthread_create
  return ((int*)(&pthread_create))[argc];
#else
  (void)argc;
  return 0;
#endif
}

Determining if the function pthread_create exists in the pthreads failed with the following output:
Change Dir: /home/enes/Desktop/ex5/build/CMakeFiles/CMakeTmp

Run Build Command:"/usr/bin/make" "cmTC_b3392/fast"
/usr/bin/make -f CMakeFiles/cmTC_b3392.dir/build.make CMakeFiles/cmTC_b3392.dir/build
make[1]: Entering directory '/home/enes/Desktop/ex5/build/CMakeFiles/CMakeTmp'
Building C object CMakeFiles/cmTC_b3392.dir/CheckFunctionExists.c.o
/usr/bin/cc   -fPIC -DCHECK_FUNCTION_EXISTS=pthread_create   -o CMakeFiles/cmTC_b3392.dir/CheckFunctionExists.c.o   -c /usr/share/cmake-3.10/Modules/CheckFunctionExists.c
Linking C executable cmTC_b3392
/usr/bin/cmake -E cmake_link_script CMakeFiles/cmTC_b3392.dir/link.txt --verbose=1
/usr/bin/cc -fPIC -DCHECK_FUNCTION_EXISTS=pthread_create    -rdynamic CMakeFiles/cmTC_b3392.dir/CheckFunctionExists.c.o  -o cmTC_b3392 -lpthreads 
/usr/bin/ld: cannot find -lpthreads
collect2: error: ld returned 1 exit status
CMakeFiles/cmTC_b3392.dir/build.make:97: recipe for target 'cmTC_b3392' failed
make[1]: *** [cmTC_b3392] Error 1
make[1]: Leaving directory '/home/enes/Desktop/ex5/build/CMakeFiles/CMakeTmp'
Makefile:126: recipe for target 'cmTC_b3392/fast' failed
make: *** [cmTC_b3392/fast] Error 2


